Watching for file changes with StatReloader
"GET / HTTP/1.1" 200 40243
"GET /static/css/fontawesome.min.css HTTP/1.1" 200 102025
"GET /static/css/bootstrap.min.css HTTP/1.1" 200 232948
"GET /static/css/inter-font.css HTTP/1.1" 200 170
"GET /static/js/bootstrap.bundle.min.js HTTP/1.1" 200 80663
"GET /static/js/three.min.js HTTP/1.1" 200 603445
"GET /static/webfonts/fa-solid-900.woff2 HTTP/1.1" 404 1840
"GET /static/webfonts/fa-brands-400.woff2 HTTP/1.1" 404 1843
"GET /static/webfonts/fa-solid-900.ttf HTTP/1.1" 404 1834
"GET /static/webfonts/fa-brands-400.ttf HTTP/1.1" 404 1837
Not Found: /favicon.ico
"GET /favicon.ico HTTP/1.1" 404 2568
Not Found: /.well-known/appspecific/com.chrome.devtools.json
"GET /.well-known/appspecific/com.chrome.devtools.json HTTP/1.1" 404 2679
"GET /static/css/bootstrap.min.css.map HTTP/1.1" 404 1834
"GET / HTTP/1.1" 200 39989
"GET /static/css/bootstrap.min.css HTTP/1.1" 304 0
"GET /static/css/fontawesome.min.css HTTP/1.1" 304 0
"GET /static/css/inter-font.css HTTP/1.1" 304 0
"GET /static/js/three.min.js HTTP/1.1" 304 0
"GET /static/js/bootstrap.bundle.min.js HTTP/1.1" 304 0
Not Found: /.well-known/appspecific/com.chrome.devtools.json
"GET /.well-known/appspecific/com.chrome.devtools.json HTTP/1.1" 404 2679
"GET /static/webfonts/fa-brands-400.woff2 HTTP/1.1" 200 108020
"GET /static/webfonts/fa-solid-900.woff2 HTTP/1.1" 200 150124
"GET /static/css/bootstrap.min.css.map HTTP/1.1" 404 1834
"GET / HTTP/1.1" 200 39989
"GET /static/webfonts/fa-brands-400.woff2 HTTP/1.1" 304 0
"GET /static/webfonts/fa-solid-900.woff2 HTTP/1.1" 304 0
"GET / HTTP/1.1" 200 39989
"GET /static/css/inter-font.css HTTP/1.1" 304 0
"GET /static/css/fontawesome.min.css HTTP/1.1" 304 0
"GET /static/css/bootstrap.min.css HTTP/1.1" 304 0
"GET /static/js/three.min.js HTTP/1.1" 304 0
"GET /static/js/bootstrap.bundle.min.js HTTP/1.1" 304 0
Not Found: /.well-known/appspecific/com.chrome.devtools.json
"GET /.well-known/appspecific/com.chrome.devtools.json HTTP/1.1" 404 2679
"GET /static/css/bootstrap.min.css.map HTTP/1.1" 404 1834
"GET / HTTP/1.1" 200 40225
"GET /static/css/fontawesome-local.css HTTP/1.1" 200 2026
Not Found: /.well-known/appspecific/com.chrome.devtools.json
"GET /.well-known/appspecific/com.chrome.devtools.json HTTP/1.1" 404 2679
"GET /static/webfonts/fa-brands-400.woff2 HTTP/1.1" 304 0
"GET /static/webfonts/fa-solid-900.woff2 HTTP/1.1" 304 0
"GET /static/css/bootstrap.min.css.map HTTP/1.1" 404 1834
"GET /static/favicon.svg HTTP/1.1" 200 274
C:\D\Cooding\GENERAL\Accurra\Accurra\settings.py changed, reloading.
Watching for file changes with StatReloader
C:\D\Cooding\GENERAL\Accurra\Accurra\settings.py changed, reloading.
Watching for file changes with StatReloader
C:\D\Cooding\GENERAL\Accurra\main\views.py changed, reloading.
Watching for file changes with StatReloader
C:\D\Cooding\GENERAL\Accurra\main\views.py changed, reloading.
Watching for file changes with StatReloader
C:\D\Cooding\GENERAL\Accurra\main\views.py changed, reloading.
Watching for file changes with StatReloader
C:\D\Cooding\GENERAL\Accurra\main\views.py changed, reloading.
Watching for file changes with StatReloader
C:\D\Cooding\GENERAL\Accurra\main\views.py changed, reloading.
Watching for file changes with StatReloader
"GET / HTTP/1.1" 200 42147
"GET /static/css/bootstrap.min.css HTTP/1.1" 304 0
"GET /static/css/fontawesome-local.css HTTP/1.1" 304 0
"GET /static/js/three.min.js HTTP/1.1" 304 0
"GET /static/js/bootstrap.bundle.min.js HTTP/1.1" 304 0
"GET /static/css/inter-font.css HTTP/1.1" 200 331
"GET /static/webfonts/fa-brands-400.woff2 HTTP/1.1" 304 0
"GET /static/webfonts/fa-solid-900.woff2 HTTP/1.1" 304 0
"GET /static/favicon.svg HTTP/1.1" 304 0
Internal Server Error: /language/ar/
Traceback (most recent call last):
  File "C:\Users\mahmo\AppData\Roaming\Python\Python313\site-packages\django\core\handlers\exception.py", line 55, in inner
    response = get_response(request)
  File "C:\Users\mahmo\AppData\Roaming\Python\Python313\site-packages\django\core\handlers\base.py", line 197, in _get_response
    response = wrapped_callback(request, *callback_args, **callback_kwargs)
  File "C:\D\Cooding\GENERAL\Accurra\main\views.py", line 51, in set_language
    request.session[settings.LANGUAGE_SESSION_KEY] = language
                    ^^^^^^^^^^^^^^^^^^^^^^^^^^^^^
  File "C:\Users\mahmo\AppData\Roaming\Python\Python313\site-packages\django\conf\__init__.py", line 104, in __getattr__
    val = getattr(_wrapped, name)
AttributeError: 'Settings' object has no attribute 'LANGUAGE_SESSION_KEY'
"GET /language/ar/ HTTP/1.1" 500 71796
"GET / HTTP/1.1" 200 42147
"GET /static/css/inter-font.css HTTP/1.1" 304 0
Internal Server Error: /language/ar/
Traceback (most recent call last):
  File "C:\Users\mahmo\AppData\Roaming\Python\Python313\site-packages\django\core\handlers\exception.py", line 55, in inner
    response = get_response(request)
  File "C:\Users\mahmo\AppData\Roaming\Python\Python313\site-packages\django\core\handlers\base.py", line 197, in _get_response
    response = wrapped_callback(request, *callback_args, **callback_kwargs)
  File "C:\D\Cooding\GENERAL\Accurra\main\views.py", line 51, in set_language
    request.session[settings.LANGUAGE_SESSION_KEY] = language
                    ^^^^^^^^^^^^^^^^^^^^^^^^^^^^^
  File "C:\Users\mahmo\AppData\Roaming\Python\Python313\site-packages\django\conf\__init__.py", line 104, in __getattr__
    val = getattr(_wrapped, name)
AttributeError: 'Settings' object has no attribute 'LANGUAGE_SESSION_KEY'
"GET /language/ar/ HTTP/1.1" 500 71796
"GET / HTTP/1.1" 200 42147
"GET /static/css/inter-font.css HTTP/1.1" 304 0
C:\D\Cooding\GENERAL\Accurra\main\context_processors.py changed, reloading.
Watching for file changes with StatReloader
"GET / HTTP/1.1" 200 42147
"GET /static/css/inter-font.css HTTP/1.1" 200 331
Internal Server Error: /language/ar/
Traceback (most recent call last):
  File "C:\Users\mahmo\AppData\Roaming\Python\Python313\site-packages\django\core\handlers\exception.py", line 55, in inner
    response = get_response(request)
  File "C:\Users\mahmo\AppData\Roaming\Python\Python313\site-packages\django\core\handlers\base.py", line 197, in _get_response
    response = wrapped_callback(request, *callback_args, **callback_kwargs)
  File "C:\D\Cooding\GENERAL\Accurra\main\views.py", line 51, in set_language
    request.session[settings.LANGUAGE_SESSION_KEY] = language
                    ^^^^^^^^^^^^^^^^^^^^^^^^^^^^^
  File "C:\Users\mahmo\AppData\Roaming\Python\Python313\site-packages\django\conf\__init__.py", line 104, in __getattr__
    val = getattr(_wrapped, name)
AttributeError: 'Settings' object has no attribute 'LANGUAGE_SESSION_KEY'
"GET /language/ar/ HTTP/1.1" 500 71796
Watching for file changes with StatReloader
Internal Server Error: /language/ar/
Traceback (most recent call last):
  File "C:\Users\mahmo\AppData\Roaming\Python\Python313\site-packages\django\core\handlers\exception.py", line 55, in inner
    response = get_response(request)
  File "C:\Users\mahmo\AppData\Roaming\Python\Python313\site-packages\django\core\handlers\base.py", line 197, in _get_response
    response = wrapped_callback(request, *callback_args, **callback_kwargs)
  File "C:\D\Cooding\GENERAL\Accurra\main\views.py", line 51, in set_language
    request.session[settings.LANGUAGE_SESSION_KEY] = language
                    ^^^^^^^^^^^^^^^^^^^^^^^^^^^^^
  File "C:\Users\mahmo\AppData\Roaming\Python\Python313\site-packages\django\conf\__init__.py", line 104, in __getattr__
    val = getattr(_wrapped, name)
AttributeError: 'Settings' object has no attribute 'LANGUAGE_SESSION_KEY'
"GET /language/ar/ HTTP/1.1" 500 71933
"GET / HTTP/1.1" 200 42147
"GET /static/css/inter-font.css HTTP/1.1" 304 0
"GET /static/favicon.svg HTTP/1.1" 304 0
Internal Server Error: /language/ar/
Traceback (most recent call last):
  File "C:\Users\mahmo\AppData\Roaming\Python\Python313\site-packages\django\core\handlers\exception.py", line 55, in inner
    response = get_response(request)
  File "C:\Users\mahmo\AppData\Roaming\Python\Python313\site-packages\django\core\handlers\base.py", line 197, in _get_response
    response = wrapped_callback(request, *callback_args, **callback_kwargs)
  File "C:\D\Cooding\GENERAL\Accurra\main\views.py", line 51, in set_language
    request.session[settings.LANGUAGE_SESSION_KEY] = language
                    ^^^^^^^^^^^^^^^^^^^^^^^^^^^^^
  File "C:\Users\mahmo\AppData\Roaming\Python\Python313\site-packages\django\conf\__init__.py", line 104, in __getattr__
    val = getattr(_wrapped, name)
AttributeError: 'Settings' object has no attribute 'LANGUAGE_SESSION_KEY'
"GET /language/ar/ HTTP/1.1" 500 71796
C:\D\Cooding\GENERAL\Accurra\main\views.py changed, reloading.
Watching for file changes with StatReloader
C:\D\Cooding\GENERAL\Accurra\main\views.py changed, reloading.
Watching for file changes with StatReloader
"GET /language/ar/ HTTP/1.1" 302 0
Internal Server Error: /
Traceback (most recent call last):
  File "C:\Users\mahmo\AppData\Roaming\Python\Python313\site-packages\django\core\handlers\exception.py", line 55, in inner
    response = get_response(request)
  File "C:\Users\mahmo\AppData\Roaming\Python\Python313\site-packages\django\core\handlers\base.py", line 197, in _get_response
    response = wrapped_callback(request, *callback_args, **callback_kwargs)
  File "C:\D\Cooding\GENERAL\Accurra\main\views.py", line 18, in home
    return render(request, 'main/home.html', context)
  File "C:\Users\mahmo\AppData\Roaming\Python\Python313\site-packages\django\shortcuts.py", line 24, in render
    content = loader.render_to_string(template_name, context, request, using=using)
  File "C:\Users\mahmo\AppData\Roaming\Python\Python313\site-packages\django\template\loader.py", line 62, in render_to_string
    return template.render(context, request)
           ~~~~~~~~~~~~~~~^^^^^^^^^^^^^^^^^^
  File "C:\Users\mahmo\AppData\Roaming\Python\Python313\site-packages\django\template\backends\django.py", line 61, in render
    return self.template.render(context)
           ~~~~~~~~~~~~~~~~~~~~^^^^^^^^^
  File "C:\Users\mahmo\AppData\Roaming\Python\Python313\site-packages\django\template\base.py", line 175, in render
    return self._render(context)
           ~~~~~~~~~~~~^^^^^^^^^
  File "C:\Users\mahmo\AppData\Roaming\Python\Python313\site-packages\django\template\base.py", line 167, in _render
    return self.nodelist.render(context)
           ~~~~~~~~~~~~~~~~~~~~^^^^^^^^^
  File "C:\Users\mahmo\AppData\Roaming\Python\Python313\site-packages\django\template\base.py", line 1005, in render
    return SafeString("".join([node.render_annotated(context) for node in self]))
                               ~~~~~~~~~~~~~~~~~~~~~^^^^^^^^^
  File "C:\Users\mahmo\AppData\Roaming\Python\Python313\site-packages\django\template\base.py", line 966, in render_annotated
    return self.render(context)
           ~~~~~~~~~~~^^^^^^^^^
  File "C:\Users\mahmo\AppData\Roaming\Python\Python313\site-packages\django\template\loader_tags.py", line 132, in render
    compiled_parent = self.get_parent(context)
  File "C:\Users\mahmo\AppData\Roaming\Python\Python313\site-packages\django\template\loader_tags.py", line 129, in get_parent
    return self.find_template(parent, context)
           ~~~~~~~~~~~~~~~~~~^^^^^^^^^^^^^^^^^
  File "C:\Users\mahmo\AppData\Roaming\Python\Python313\site-packages\django\template\loader_tags.py", line 107, in find_template
    template, origin = context.template.engine.find_template(
                       ~~~~~~~~~~~~~~~~~~~~~~~~~~~~~~~~~~~~~^
        template_name,
        ^^^^^^^^^^^^^^
        skip=history,
        ^^^^^^^^^^^^^
    )
    ^
  File "C:\Users\mahmo\AppData\Roaming\Python\Python313\site-packages\django\template\engine.py", line 157, in find_template
    template = loader.get_template(name, skip=skip)
  File "C:\Users\mahmo\AppData\Roaming\Python\Python313\site-packages\django\template\loaders\cached.py", line 57, in get_template
    template = super().get_template(template_name, skip)
  File "C:\Users\mahmo\AppData\Roaming\Python\Python313\site-packages\django\template\loaders\base.py", line 28, in get_template
    return Template(
        contents,
    ...<2 lines>...
        self.engine,
    )
  File "C:\Users\mahmo\AppData\Roaming\Python\Python313\site-packages\django\template\base.py", line 154, in __init__
    self.nodelist = self.compile_nodelist()
                    ~~~~~~~~~~~~~~~~~~~~~^^
  File "C:\Users\mahmo\AppData\Roaming\Python\Python313\site-packages\django\template\base.py", line 200, in compile_nodelist
    return parser.parse()
           ~~~~~~~~~~~~^^
  File "C:\Users\mahmo\AppData\Roaming\Python\Python313\site-packages\django\template\base.py", line 513, in parse
    raise self.error(token, e)
  File "C:\Users\mahmo\AppData\Roaming\Python\Python313\site-packages\django\template\base.py", line 511, in parse
    compiled_result = compile_func(self, token)
  File "C:\Users\mahmo\AppData\Roaming\Python\Python313\site-packages\django\template\defaulttags.py", line 1389, in url
    args.append(parser.compile_filter(value))
                ~~~~~~~~~~~~~~~~~~~~~^^^^^^^
  File "C:\Users\mahmo\AppData\Roaming\Python\Python313\site-packages\django\template\base.py", line 600, in compile_filter
    return FilterExpression(token, self)
  File "C:\Users\mahmo\AppData\Roaming\Python\Python313\site-packages\django\template\base.py", line 703, in __init__
    raise TemplateSyntaxError(
    ...<2 lines>...
    )
django.template.exceptions.TemplateSyntaxError: Could not parse the remainder: '==' from '=='
"GET / HTTP/1.1" 500 193691
Internal Server Error: /
Traceback (most recent call last):
  File "C:\Users\mahmo\AppData\Roaming\Python\Python313\site-packages\django\core\handlers\exception.py", line 55, in inner
    response = get_response(request)
  File "C:\Users\mahmo\AppData\Roaming\Python\Python313\site-packages\django\core\handlers\base.py", line 197, in _get_response
    response = wrapped_callback(request, *callback_args, **callback_kwargs)
  File "C:\D\Cooding\GENERAL\Accurra\main\views.py", line 18, in home
    return render(request, 'main/home.html', context)
  File "C:\Users\mahmo\AppData\Roaming\Python\Python313\site-packages\django\shortcuts.py", line 24, in render
    content = loader.render_to_string(template_name, context, request, using=using)
  File "C:\Users\mahmo\AppData\Roaming\Python\Python313\site-packages\django\template\loader.py", line 62, in render_to_string
    return template.render(context, request)
           ~~~~~~~~~~~~~~~^^^^^^^^^^^^^^^^^^
  File "C:\Users\mahmo\AppData\Roaming\Python\Python313\site-packages\django\template\backends\django.py", line 61, in render
    return self.template.render(context)
           ~~~~~~~~~~~~~~~~~~~~^^^^^^^^^
  File "C:\Users\mahmo\AppData\Roaming\Python\Python313\site-packages\django\template\base.py", line 175, in render
    return self._render(context)
           ~~~~~~~~~~~~^^^^^^^^^
  File "C:\Users\mahmo\AppData\Roaming\Python\Python313\site-packages\django\template\base.py", line 167, in _render
    return self.nodelist.render(context)
           ~~~~~~~~~~~~~~~~~~~~^^^^^^^^^
  File "C:\Users\mahmo\AppData\Roaming\Python\Python313\site-packages\django\template\base.py", line 1005, in render
    return SafeString("".join([node.render_annotated(context) for node in self]))
                               ~~~~~~~~~~~~~~~~~~~~~^^^^^^^^^
  File "C:\Users\mahmo\AppData\Roaming\Python\Python313\site-packages\django\template\base.py", line 966, in render_annotated
    return self.render(context)
           ~~~~~~~~~~~^^^^^^^^^
  File "C:\Users\mahmo\AppData\Roaming\Python\Python313\site-packages\django\template\loader_tags.py", line 132, in render
    compiled_parent = self.get_parent(context)
  File "C:\Users\mahmo\AppData\Roaming\Python\Python313\site-packages\django\template\loader_tags.py", line 129, in get_parent
    return self.find_template(parent, context)
           ~~~~~~~~~~~~~~~~~~^^^^^^^^^^^^^^^^^
  File "C:\Users\mahmo\AppData\Roaming\Python\Python313\site-packages\django\template\loader_tags.py", line 107, in find_template
    template, origin = context.template.engine.find_template(
                       ~~~~~~~~~~~~~~~~~~~~~~~~~~~~~~~~~~~~~^
        template_name,
        ^^^^^^^^^^^^^^
        skip=history,
        ^^^^^^^^^^^^^
    )
    ^
  File "C:\Users\mahmo\AppData\Roaming\Python\Python313\site-packages\django\template\engine.py", line 157, in find_template
    template = loader.get_template(name, skip=skip)
  File "C:\Users\mahmo\AppData\Roaming\Python\Python313\site-packages\django\template\loaders\cached.py", line 57, in get_template
    template = super().get_template(template_name, skip)
  File "C:\Users\mahmo\AppData\Roaming\Python\Python313\site-packages\django\template\loaders\base.py", line 28, in get_template
    return Template(
        contents,
    ...<2 lines>...
        self.engine,
    )
  File "C:\Users\mahmo\AppData\Roaming\Python\Python313\site-packages\django\template\base.py", line 154, in __init__
    self.nodelist = self.compile_nodelist()
                    ~~~~~~~~~~~~~~~~~~~~~^^
  File "C:\Users\mahmo\AppData\Roaming\Python\Python313\site-packages\django\template\base.py", line 200, in compile_nodelist
    return parser.parse()
           ~~~~~~~~~~~~^^
  File "C:\Users\mahmo\AppData\Roaming\Python\Python313\site-packages\django\template\base.py", line 513, in parse
    raise self.error(token, e)
  File "C:\Users\mahmo\AppData\Roaming\Python\Python313\site-packages\django\template\base.py", line 511, in parse
    compiled_result = compile_func(self, token)
  File "C:\Users\mahmo\AppData\Roaming\Python\Python313\site-packages\django\template\defaulttags.py", line 1389, in url
    args.append(parser.compile_filter(value))
                ~~~~~~~~~~~~~~~~~~~~~^^^^^^^
  File "C:\Users\mahmo\AppData\Roaming\Python\Python313\site-packages\django\template\base.py", line 600, in compile_filter
    return FilterExpression(token, self)
  File "C:\Users\mahmo\AppData\Roaming\Python\Python313\site-packages\django\template\base.py", line 703, in __init__
    raise TemplateSyntaxError(
    ...<2 lines>...
    )
django.template.exceptions.TemplateSyntaxError: Could not parse the remainder: '==' from '=='
"GET / HTTP/1.1" 500 193691
Internal Server Error: /
Traceback (most recent call last):
  File "C:\Users\mahmo\AppData\Roaming\Python\Python313\site-packages\django\core\handlers\exception.py", line 55, in inner
    response = get_response(request)
  File "C:\Users\mahmo\AppData\Roaming\Python\Python313\site-packages\django\core\handlers\base.py", line 197, in _get_response
    response = wrapped_callback(request, *callback_args, **callback_kwargs)
  File "C:\D\Cooding\GENERAL\Accurra\main\views.py", line 18, in home
    return render(request, 'main/home.html', context)
  File "C:\Users\mahmo\AppData\Roaming\Python\Python313\site-packages\django\shortcuts.py", line 24, in render
    content = loader.render_to_string(template_name, context, request, using=using)
  File "C:\Users\mahmo\AppData\Roaming\Python\Python313\site-packages\django\template\loader.py", line 62, in render_to_string
    return template.render(context, request)
           ~~~~~~~~~~~~~~~^^^^^^^^^^^^^^^^^^
  File "C:\Users\mahmo\AppData\Roaming\Python\Python313\site-packages\django\template\backends\django.py", line 61, in render
    return self.template.render(context)
           ~~~~~~~~~~~~~~~~~~~~^^^^^^^^^
  File "C:\Users\mahmo\AppData\Roaming\Python\Python313\site-packages\django\template\base.py", line 175, in render
    return self._render(context)
           ~~~~~~~~~~~~^^^^^^^^^
  File "C:\Users\mahmo\AppData\Roaming\Python\Python313\site-packages\django\template\base.py", line 167, in _render
    return self.nodelist.render(context)
           ~~~~~~~~~~~~~~~~~~~~^^^^^^^^^
  File "C:\Users\mahmo\AppData\Roaming\Python\Python313\site-packages\django\template\base.py", line 1005, in render
    return SafeString("".join([node.render_annotated(context) for node in self]))
                               ~~~~~~~~~~~~~~~~~~~~~^^^^^^^^^
  File "C:\Users\mahmo\AppData\Roaming\Python\Python313\site-packages\django\template\base.py", line 966, in render_annotated
    return self.render(context)
           ~~~~~~~~~~~^^^^^^^^^
  File "C:\Users\mahmo\AppData\Roaming\Python\Python313\site-packages\django\template\loader_tags.py", line 132, in render
    compiled_parent = self.get_parent(context)
  File "C:\Users\mahmo\AppData\Roaming\Python\Python313\site-packages\django\template\loader_tags.py", line 129, in get_parent
    return self.find_template(parent, context)
           ~~~~~~~~~~~~~~~~~~^^^^^^^^^^^^^^^^^
  File "C:\Users\mahmo\AppData\Roaming\Python\Python313\site-packages\django\template\loader_tags.py", line 107, in find_template
    template, origin = context.template.engine.find_template(
                       ~~~~~~~~~~~~~~~~~~~~~~~~~~~~~~~~~~~~~^
        template_name,
        ^^^^^^^^^^^^^^
        skip=history,
        ^^^^^^^^^^^^^
    )
    ^
  File "C:\Users\mahmo\AppData\Roaming\Python\Python313\site-packages\django\template\engine.py", line 157, in find_template
    template = loader.get_template(name, skip=skip)
  File "C:\Users\mahmo\AppData\Roaming\Python\Python313\site-packages\django\template\loaders\cached.py", line 57, in get_template
    template = super().get_template(template_name, skip)
  File "C:\Users\mahmo\AppData\Roaming\Python\Python313\site-packages\django\template\loaders\base.py", line 28, in get_template
    return Template(
        contents,
    ...<2 lines>...
        self.engine,
    )
  File "C:\Users\mahmo\AppData\Roaming\Python\Python313\site-packages\django\template\base.py", line 154, in __init__
    self.nodelist = self.compile_nodelist()
                    ~~~~~~~~~~~~~~~~~~~~~^^
  File "C:\Users\mahmo\AppData\Roaming\Python\Python313\site-packages\django\template\base.py", line 200, in compile_nodelist
    return parser.parse()
           ~~~~~~~~~~~~^^
  File "C:\Users\mahmo\AppData\Roaming\Python\Python313\site-packages\django\template\base.py", line 513, in parse
    raise self.error(token, e)
  File "C:\Users\mahmo\AppData\Roaming\Python\Python313\site-packages\django\template\base.py", line 511, in parse
    compiled_result = compile_func(self, token)
  File "C:\Users\mahmo\AppData\Roaming\Python\Python313\site-packages\django\template\defaulttags.py", line 1389, in url
    args.append(parser.compile_filter(value))
                ~~~~~~~~~~~~~~~~~~~~~^^^^^^^
  File "C:\Users\mahmo\AppData\Roaming\Python\Python313\site-packages\django\template\base.py", line 600, in compile_filter
    return FilterExpression(token, self)
  File "C:\Users\mahmo\AppData\Roaming\Python\Python313\site-packages\django\template\base.py", line 703, in __init__
    raise TemplateSyntaxError(
    ...<2 lines>...
    )
django.template.exceptions.TemplateSyntaxError: Could not parse the remainder: '==' from '=='
"GET / HTTP/1.1" 500 193691
Internal Server Error: /
Traceback (most recent call last):
  File "C:\Users\mahmo\AppData\Roaming\Python\Python313\site-packages\django\core\handlers\exception.py", line 55, in inner
    response = get_response(request)
  File "C:\Users\mahmo\AppData\Roaming\Python\Python313\site-packages\django\core\handlers\base.py", line 197, in _get_response
    response = wrapped_callback(request, *callback_args, **callback_kwargs)
  File "C:\D\Cooding\GENERAL\Accurra\main\views.py", line 18, in home
    return render(request, 'main/home.html', context)
  File "C:\Users\mahmo\AppData\Roaming\Python\Python313\site-packages\django\shortcuts.py", line 24, in render
    content = loader.render_to_string(template_name, context, request, using=using)
  File "C:\Users\mahmo\AppData\Roaming\Python\Python313\site-packages\django\template\loader.py", line 62, in render_to_string
    return template.render(context, request)
           ~~~~~~~~~~~~~~~^^^^^^^^^^^^^^^^^^
  File "C:\Users\mahmo\AppData\Roaming\Python\Python313\site-packages\django\template\backends\django.py", line 61, in render
    return self.template.render(context)
           ~~~~~~~~~~~~~~~~~~~~^^^^^^^^^
  File "C:\Users\mahmo\AppData\Roaming\Python\Python313\site-packages\django\template\base.py", line 175, in render
    return self._render(context)
           ~~~~~~~~~~~~^^^^^^^^^
  File "C:\Users\mahmo\AppData\Roaming\Python\Python313\site-packages\django\template\base.py", line 167, in _render
    return self.nodelist.render(context)
           ~~~~~~~~~~~~~~~~~~~~^^^^^^^^^
  File "C:\Users\mahmo\AppData\Roaming\Python\Python313\site-packages\django\template\base.py", line 1005, in render
    return SafeString("".join([node.render_annotated(context) for node in self]))
                               ~~~~~~~~~~~~~~~~~~~~~^^^^^^^^^
  File "C:\Users\mahmo\AppData\Roaming\Python\Python313\site-packages\django\template\base.py", line 966, in render_annotated
    return self.render(context)
           ~~~~~~~~~~~^^^^^^^^^
  File "C:\Users\mahmo\AppData\Roaming\Python\Python313\site-packages\django\template\loader_tags.py", line 132, in render
    compiled_parent = self.get_parent(context)
  File "C:\Users\mahmo\AppData\Roaming\Python\Python313\site-packages\django\template\loader_tags.py", line 129, in get_parent
    return self.find_template(parent, context)
           ~~~~~~~~~~~~~~~~~~^^^^^^^^^^^^^^^^^
  File "C:\Users\mahmo\AppData\Roaming\Python\Python313\site-packages\django\template\loader_tags.py", line 107, in find_template
    template, origin = context.template.engine.find_template(
                       ~~~~~~~~~~~~~~~~~~~~~~~~~~~~~~~~~~~~~^
        template_name,
        ^^^^^^^^^^^^^^
        skip=history,
        ^^^^^^^^^^^^^
    )
    ^
  File "C:\Users\mahmo\AppData\Roaming\Python\Python313\site-packages\django\template\engine.py", line 157, in find_template
    template = loader.get_template(name, skip=skip)
  File "C:\Users\mahmo\AppData\Roaming\Python\Python313\site-packages\django\template\loaders\cached.py", line 57, in get_template
    template = super().get_template(template_name, skip)
  File "C:\Users\mahmo\AppData\Roaming\Python\Python313\site-packages\django\template\loaders\base.py", line 28, in get_template
    return Template(
        contents,
    ...<2 lines>...
        self.engine,
    )
  File "C:\Users\mahmo\AppData\Roaming\Python\Python313\site-packages\django\template\base.py", line 154, in __init__
    self.nodelist = self.compile_nodelist()
                    ~~~~~~~~~~~~~~~~~~~~~^^
  File "C:\Users\mahmo\AppData\Roaming\Python\Python313\site-packages\django\template\base.py", line 200, in compile_nodelist
    return parser.parse()
           ~~~~~~~~~~~~^^
  File "C:\Users\mahmo\AppData\Roaming\Python\Python313\site-packages\django\template\base.py", line 513, in parse
    raise self.error(token, e)
  File "C:\Users\mahmo\AppData\Roaming\Python\Python313\site-packages\django\template\base.py", line 511, in parse
    compiled_result = compile_func(self, token)
  File "C:\Users\mahmo\AppData\Roaming\Python\Python313\site-packages\django\template\defaulttags.py", line 1389, in url
    args.append(parser.compile_filter(value))
                ~~~~~~~~~~~~~~~~~~~~~^^^^^^^
  File "C:\Users\mahmo\AppData\Roaming\Python\Python313\site-packages\django\template\base.py", line 600, in compile_filter
    return FilterExpression(token, self)
  File "C:\Users\mahmo\AppData\Roaming\Python\Python313\site-packages\django\template\base.py", line 703, in __init__
    raise TemplateSyntaxError(
    ...<2 lines>...
    )
django.template.exceptions.TemplateSyntaxError: Could not parse the remainder: '==' from '=='
"GET / HTTP/1.1" 500 193691
"GET /static/favicon.svg HTTP/1.1" 304 0
Internal Server Error: /
Traceback (most recent call last):
  File "C:\Users\mahmo\AppData\Roaming\Python\Python313\site-packages\django\core\handlers\exception.py", line 55, in inner
    response = get_response(request)
  File "C:\Users\mahmo\AppData\Roaming\Python\Python313\site-packages\django\core\handlers\base.py", line 197, in _get_response
    response = wrapped_callback(request, *callback_args, **callback_kwargs)
  File "C:\D\Cooding\GENERAL\Accurra\main\views.py", line 18, in home
    return render(request, 'main/home.html', context)
  File "C:\Users\mahmo\AppData\Roaming\Python\Python313\site-packages\django\shortcuts.py", line 24, in render
    content = loader.render_to_string(template_name, context, request, using=using)
  File "C:\Users\mahmo\AppData\Roaming\Python\Python313\site-packages\django\template\loader.py", line 62, in render_to_string
    return template.render(context, request)
           ~~~~~~~~~~~~~~~^^^^^^^^^^^^^^^^^^
  File "C:\Users\mahmo\AppData\Roaming\Python\Python313\site-packages\django\template\backends\django.py", line 61, in render
    return self.template.render(context)
           ~~~~~~~~~~~~~~~~~~~~^^^^^^^^^
  File "C:\Users\mahmo\AppData\Roaming\Python\Python313\site-packages\django\template\base.py", line 175, in render
    return self._render(context)
           ~~~~~~~~~~~~^^^^^^^^^
  File "C:\Users\mahmo\AppData\Roaming\Python\Python313\site-packages\django\template\base.py", line 167, in _render
    return self.nodelist.render(context)
           ~~~~~~~~~~~~~~~~~~~~^^^^^^^^^
  File "C:\Users\mahmo\AppData\Roaming\Python\Python313\site-packages\django\template\base.py", line 1005, in render
    return SafeString("".join([node.render_annotated(context) for node in self]))
                               ~~~~~~~~~~~~~~~~~~~~~^^^^^^^^^
  File "C:\Users\mahmo\AppData\Roaming\Python\Python313\site-packages\django\template\base.py", line 966, in render_annotated
    return self.render(context)
           ~~~~~~~~~~~^^^^^^^^^
  File "C:\Users\mahmo\AppData\Roaming\Python\Python313\site-packages\django\template\loader_tags.py", line 132, in render
    compiled_parent = self.get_parent(context)
  File "C:\Users\mahmo\AppData\Roaming\Python\Python313\site-packages\django\template\loader_tags.py", line 129, in get_parent
    return self.find_template(parent, context)
           ~~~~~~~~~~~~~~~~~~^^^^^^^^^^^^^^^^^
  File "C:\Users\mahmo\AppData\Roaming\Python\Python313\site-packages\django\template\loader_tags.py", line 107, in find_template
    template, origin = context.template.engine.find_template(
                       ~~~~~~~~~~~~~~~~~~~~~~~~~~~~~~~~~~~~~^
        template_name,
        ^^^^^^^^^^^^^^
        skip=history,
        ^^^^^^^^^^^^^
    )
    ^
  File "C:\Users\mahmo\AppData\Roaming\Python\Python313\site-packages\django\template\engine.py", line 157, in find_template
    template = loader.get_template(name, skip=skip)
  File "C:\Users\mahmo\AppData\Roaming\Python\Python313\site-packages\django\template\loaders\cached.py", line 57, in get_template
    template = super().get_template(template_name, skip)
  File "C:\Users\mahmo\AppData\Roaming\Python\Python313\site-packages\django\template\loaders\base.py", line 28, in get_template
    return Template(
        contents,
    ...<2 lines>...
        self.engine,
    )
  File "C:\Users\mahmo\AppData\Roaming\Python\Python313\site-packages\django\template\base.py", line 154, in __init__
    self.nodelist = self.compile_nodelist()
                    ~~~~~~~~~~~~~~~~~~~~~^^
  File "C:\Users\mahmo\AppData\Roaming\Python\Python313\site-packages\django\template\base.py", line 200, in compile_nodelist
    return parser.parse()
           ~~~~~~~~~~~~^^
  File "C:\Users\mahmo\AppData\Roaming\Python\Python313\site-packages\django\template\base.py", line 513, in parse
    raise self.error(token, e)
  File "C:\Users\mahmo\AppData\Roaming\Python\Python313\site-packages\django\template\base.py", line 511, in parse
    compiled_result = compile_func(self, token)
  File "C:\Users\mahmo\AppData\Roaming\Python\Python313\site-packages\django\template\defaulttags.py", line 1389, in url
    args.append(parser.compile_filter(value))
                ~~~~~~~~~~~~~~~~~~~~~^^^^^^^
  File "C:\Users\mahmo\AppData\Roaming\Python\Python313\site-packages\django\template\base.py", line 600, in compile_filter
    return FilterExpression(token, self)
  File "C:\Users\mahmo\AppData\Roaming\Python\Python313\site-packages\django\template\base.py", line 703, in __init__
    raise TemplateSyntaxError(
    ...<2 lines>...
    )
django.template.exceptions.TemplateSyntaxError: Could not parse the remainder: '==' from '=='
"GET / HTTP/1.1" 500 193540
Internal Server Error: /
Traceback (most recent call last):
  File "C:\Users\mahmo\AppData\Roaming\Python\Python313\site-packages\django\core\handlers\exception.py", line 55, in inner
    response = get_response(request)
  File "C:\Users\mahmo\AppData\Roaming\Python\Python313\site-packages\django\core\handlers\base.py", line 197, in _get_response
    response = wrapped_callback(request, *callback_args, **callback_kwargs)
  File "C:\D\Cooding\GENERAL\Accurra\main\views.py", line 18, in home
    return render(request, 'main/home.html', context)
  File "C:\Users\mahmo\AppData\Roaming\Python\Python313\site-packages\django\shortcuts.py", line 24, in render
    content = loader.render_to_string(template_name, context, request, using=using)
  File "C:\Users\mahmo\AppData\Roaming\Python\Python313\site-packages\django\template\loader.py", line 62, in render_to_string
    return template.render(context, request)
           ~~~~~~~~~~~~~~~^^^^^^^^^^^^^^^^^^
  File "C:\Users\mahmo\AppData\Roaming\Python\Python313\site-packages\django\template\backends\django.py", line 61, in render
    return self.template.render(context)
           ~~~~~~~~~~~~~~~~~~~~^^^^^^^^^
  File "C:\Users\mahmo\AppData\Roaming\Python\Python313\site-packages\django\template\base.py", line 175, in render
    return self._render(context)
           ~~~~~~~~~~~~^^^^^^^^^
  File "C:\Users\mahmo\AppData\Roaming\Python\Python313\site-packages\django\template\base.py", line 167, in _render
    return self.nodelist.render(context)
           ~~~~~~~~~~~~~~~~~~~~^^^^^^^^^
  File "C:\Users\mahmo\AppData\Roaming\Python\Python313\site-packages\django\template\base.py", line 1005, in render
    return SafeString("".join([node.render_annotated(context) for node in self]))
                               ~~~~~~~~~~~~~~~~~~~~~^^^^^^^^^
  File "C:\Users\mahmo\AppData\Roaming\Python\Python313\site-packages\django\template\base.py", line 966, in render_annotated
    return self.render(context)
           ~~~~~~~~~~~^^^^^^^^^
  File "C:\Users\mahmo\AppData\Roaming\Python\Python313\site-packages\django\template\loader_tags.py", line 132, in render
    compiled_parent = self.get_parent(context)
  File "C:\Users\mahmo\AppData\Roaming\Python\Python313\site-packages\django\template\loader_tags.py", line 129, in get_parent
    return self.find_template(parent, context)
           ~~~~~~~~~~~~~~~~~~^^^^^^^^^^^^^^^^^
  File "C:\Users\mahmo\AppData\Roaming\Python\Python313\site-packages\django\template\loader_tags.py", line 107, in find_template
    template, origin = context.template.engine.find_template(
                       ~~~~~~~~~~~~~~~~~~~~~~~~~~~~~~~~~~~~~^
        template_name,
        ^^^^^^^^^^^^^^
        skip=history,
        ^^^^^^^^^^^^^
    )
    ^
  File "C:\Users\mahmo\AppData\Roaming\Python\Python313\site-packages\django\template\engine.py", line 157, in find_template
    template = loader.get_template(name, skip=skip)
  File "C:\Users\mahmo\AppData\Roaming\Python\Python313\site-packages\django\template\loaders\cached.py", line 57, in get_template
    template = super().get_template(template_name, skip)
  File "C:\Users\mahmo\AppData\Roaming\Python\Python313\site-packages\django\template\loaders\base.py", line 28, in get_template
    return Template(
        contents,
    ...<2 lines>...
        self.engine,
    )
  File "C:\Users\mahmo\AppData\Roaming\Python\Python313\site-packages\django\template\base.py", line 154, in __init__
    self.nodelist = self.compile_nodelist()
                    ~~~~~~~~~~~~~~~~~~~~~^^
  File "C:\Users\mahmo\AppData\Roaming\Python\Python313\site-packages\django\template\base.py", line 200, in compile_nodelist
    return parser.parse()
           ~~~~~~~~~~~~^^
  File "C:\Users\mahmo\AppData\Roaming\Python\Python313\site-packages\django\template\base.py", line 513, in parse
    raise self.error(token, e)
  File "C:\Users\mahmo\AppData\Roaming\Python\Python313\site-packages\django\template\base.py", line 511, in parse
    compiled_result = compile_func(self, token)
  File "C:\Users\mahmo\AppData\Roaming\Python\Python313\site-packages\django\template\defaulttags.py", line 1389, in url
    args.append(parser.compile_filter(value))
                ~~~~~~~~~~~~~~~~~~~~~^^^^^^^
  File "C:\Users\mahmo\AppData\Roaming\Python\Python313\site-packages\django\template\base.py", line 600, in compile_filter
    return FilterExpression(token, self)
  File "C:\Users\mahmo\AppData\Roaming\Python\Python313\site-packages\django\template\base.py", line 703, in __init__
    raise TemplateSyntaxError(
    ...<2 lines>...
    )
django.template.exceptions.TemplateSyntaxError: Could not parse the remainder: '==' from '=='
"GET / HTTP/1.1" 500 193540
Internal Server Error: /
Traceback (most recent call last):
  File "C:\Users\mahmo\AppData\Roaming\Python\Python313\site-packages\django\core\handlers\exception.py", line 55, in inner
    response = get_response(request)
  File "C:\Users\mahmo\AppData\Roaming\Python\Python313\site-packages\django\core\handlers\base.py", line 197, in _get_response
    response = wrapped_callback(request, *callback_args, **callback_kwargs)
  File "C:\D\Cooding\GENERAL\Accurra\main\views.py", line 18, in home
    return render(request, 'main/home.html', context)
  File "C:\Users\mahmo\AppData\Roaming\Python\Python313\site-packages\django\shortcuts.py", line 24, in render
    content = loader.render_to_string(template_name, context, request, using=using)
  File "C:\Users\mahmo\AppData\Roaming\Python\Python313\site-packages\django\template\loader.py", line 62, in render_to_string
    return template.render(context, request)
           ~~~~~~~~~~~~~~~^^^^^^^^^^^^^^^^^^
  File "C:\Users\mahmo\AppData\Roaming\Python\Python313\site-packages\django\template\backends\django.py", line 61, in render
    return self.template.render(context)
           ~~~~~~~~~~~~~~~~~~~~^^^^^^^^^
  File "C:\Users\mahmo\AppData\Roaming\Python\Python313\site-packages\django\template\base.py", line 175, in render
    return self._render(context)
           ~~~~~~~~~~~~^^^^^^^^^
  File "C:\Users\mahmo\AppData\Roaming\Python\Python313\site-packages\django\template\base.py", line 167, in _render
    return self.nodelist.render(context)
           ~~~~~~~~~~~~~~~~~~~~^^^^^^^^^
  File "C:\Users\mahmo\AppData\Roaming\Python\Python313\site-packages\django\template\base.py", line 1005, in render
    return SafeString("".join([node.render_annotated(context) for node in self]))
                               ~~~~~~~~~~~~~~~~~~~~~^^^^^^^^^
  File "C:\Users\mahmo\AppData\Roaming\Python\Python313\site-packages\django\template\base.py", line 966, in render_annotated
    return self.render(context)
           ~~~~~~~~~~~^^^^^^^^^
  File "C:\Users\mahmo\AppData\Roaming\Python\Python313\site-packages\django\template\loader_tags.py", line 132, in render
    compiled_parent = self.get_parent(context)
  File "C:\Users\mahmo\AppData\Roaming\Python\Python313\site-packages\django\template\loader_tags.py", line 129, in get_parent
    return self.find_template(parent, context)
           ~~~~~~~~~~~~~~~~~~^^^^^^^^^^^^^^^^^
  File "C:\Users\mahmo\AppData\Roaming\Python\Python313\site-packages\django\template\loader_tags.py", line 107, in find_template
    template, origin = context.template.engine.find_template(
                       ~~~~~~~~~~~~~~~~~~~~~~~~~~~~~~~~~~~~~^
        template_name,
        ^^^^^^^^^^^^^^
        skip=history,
        ^^^^^^^^^^^^^
    )
    ^
  File "C:\Users\mahmo\AppData\Roaming\Python\Python313\site-packages\django\template\engine.py", line 157, in find_template
    template = loader.get_template(name, skip=skip)
  File "C:\Users\mahmo\AppData\Roaming\Python\Python313\site-packages\django\template\loaders\cached.py", line 57, in get_template
    template = super().get_template(template_name, skip)
  File "C:\Users\mahmo\AppData\Roaming\Python\Python313\site-packages\django\template\loaders\base.py", line 28, in get_template
    return Template(
        contents,
    ...<2 lines>...
        self.engine,
    )
  File "C:\Users\mahmo\AppData\Roaming\Python\Python313\site-packages\django\template\base.py", line 154, in __init__
    self.nodelist = self.compile_nodelist()
                    ~~~~~~~~~~~~~~~~~~~~~^^
  File "C:\Users\mahmo\AppData\Roaming\Python\Python313\site-packages\django\template\base.py", line 200, in compile_nodelist
    return parser.parse()
           ~~~~~~~~~~~~^^
  File "C:\Users\mahmo\AppData\Roaming\Python\Python313\site-packages\django\template\base.py", line 513, in parse
    raise self.error(token, e)
  File "C:\Users\mahmo\AppData\Roaming\Python\Python313\site-packages\django\template\base.py", line 511, in parse
    compiled_result = compile_func(self, token)
  File "C:\Users\mahmo\AppData\Roaming\Python\Python313\site-packages\django\template\defaulttags.py", line 1389, in url
    args.append(parser.compile_filter(value))
                ~~~~~~~~~~~~~~~~~~~~~^^^^^^^
  File "C:\Users\mahmo\AppData\Roaming\Python\Python313\site-packages\django\template\base.py", line 600, in compile_filter
    return FilterExpression(token, self)
  File "C:\Users\mahmo\AppData\Roaming\Python\Python313\site-packages\django\template\base.py", line 703, in __init__
    raise TemplateSyntaxError(
    ...<2 lines>...
    )
django.template.exceptions.TemplateSyntaxError: Could not parse the remainder: '==' from '=='
"GET / HTTP/1.1" 500 193540
"GET / HTTP/1.1" 200 43911
"GET /static/js/bootstrap.bundle.min.js HTTP/1.1" 304 0
"GET /static/css/inter-font.css HTTP/1.1" 304 0
"GET /static/css/bootstrap.min.css HTTP/1.1" 304 0
"GET /static/js/three.min.js HTTP/1.1" 304 0
"GET /static/css/fontawesome-local.css HTTP/1.1" 200 2072
"GET /static/webfonts/fa-brands-400.woff2 HTTP/1.1" 304 0
"GET /static/webfonts/fa-solid-900.woff2 HTTP/1.1" 304 0
"GET /static/favicon.svg HTTP/1.1" 304 0
"GET /language/ar/ HTTP/1.1" 302 0
"GET / HTTP/1.1" 200 43911
"GET /language/ar/ HTTP/1.1" 302 0
"GET / HTTP/1.1" 200 43911
"GET /language/ar/ HTTP/1.1" 302 0
"GET / HTTP/1.1" 200 43911
"GET /static/css/fontawesome-local.css HTTP/1.1" 304 0
"GET / HTTP/1.1" 200 43911
"GET /language/ar/ HTTP/1.1" 302 0
"GET / HTTP/1.1" 200 43911
"GET /language/ar/ HTTP/1.1" 302 0
"GET / HTTP/1.1" 200 43911
Watching for file changes with StatReloader
"GET / HTTP/1.1" 200 43911
"GET /static/css/inter-font.css HTTP/1.1" 304 0
"GET /static/css/fontawesome-local.css HTTP/1.1" 304 0
"GET /language/ar/ HTTP/1.1" 302 0
"GET / HTTP/1.1" 200 43911
"GET / HTTP/1.1" 200 43819
"GET /static/css/fontawesome-local.css HTTP/1.1" 304 0
"GET /static/css/inter-font.css HTTP/1.1" 304 0
"GET /static/favicon.svg HTTP/1.1" 304 0
"GET /language/ar/ HTTP/1.1" 302 0
"GET / HTTP/1.1" 200 43819
"GET /language/ar/ HTTP/1.1" 302 0
"GET / HTTP/1.1" 200 43819
"GET / HTTP/1.1" 200 43451
"GET /static/css/fontawesome-local.css HTTP/1.1" 304 0
"GET /static/css/inter-font.css HTTP/1.1" 304 0
"GET /language/ar/ HTTP/1.1" 302 0
"GET / HTTP/1.1" 200 43451
"GET /language/ar/ HTTP/1.1" 302 0
"GET / HTTP/1.1" 200 43451
Watching for file changes with StatReloader
"GET / HTTP/1.1" 200 43451
"GET /static/css/fontawesome-local.css HTTP/1.1" 304 0
"GET /static/css/bootstrap.min.css HTTP/1.1" 304 0
"GET /static/js/three.min.js HTTP/1.1" 304 0
"GET /static/js/bootstrap.bundle.min.js HTTP/1.1" 304 0
"GET /static/favicon.svg HTTP/1.1" 304 0
Not Found: /.well-known/appspecific/com.chrome.devtools.json
"GET /.well-known/appspecific/com.chrome.devtools.json HTTP/1.1" 404 2877
"GET /static/css/bootstrap.min.css.map HTTP/1.1" 404 1834
"GET /language/ar/ HTTP/1.1" 302 0
"GET / HTTP/1.1" 200 43451
"GET /static/css/inter-font.css HTTP/1.1" 304 0
Not Found: /.well-known/appspecific/com.chrome.devtools.json
"GET /.well-known/appspecific/com.chrome.devtools.json HTTP/1.1" 404 2877
"GET /static/webfonts/fa-solid-900.woff2 HTTP/1.1" 304 0
"GET /static/webfonts/fa-brands-400.woff2 HTTP/1.1" 304 0
"GET /static/css/bootstrap.min.css.map HTTP/1.1" 404 1834
"GET /language/ar/ HTTP/1.1" 302 0
"GET / HTTP/1.1" 200 43451
Not Found: /.well-known/appspecific/com.chrome.devtools.json
"GET /.well-known/appspecific/com.chrome.devtools.json HTTP/1.1" 404 2877
"GET /static/css/bootstrap.min.css.map HTTP/1.1" 404 1834
Watching for file changes with StatReloader
C:\D\Cooding\GENERAL\Accurra\main\views.py changed, reloading.
C:\D\Cooding\GENERAL\Accurra\main\views.py changed, reloading.
Watching for file changes with StatReloader
Watching for file changes with StatReloader
"GET / HTTP/1.1" 200 43451
"GET /static/css/fontawesome-local.css HTTP/1.1" 304 0
"GET /static/css/inter-font.css HTTP/1.1" 304 0
Not Found: /.well-known/appspecific/com.chrome.devtools.json
"GET /.well-known/appspecific/com.chrome.devtools.json HTTP/1.1" 404 2877
"GET /static/css/bootstrap.min.css.map HTTP/1.1" 404 1834
"GET /language/ar/ HTTP/1.1" 302 0
"GET / HTTP/1.1" 200 43451
Not Found: /.well-known/appspecific/com.chrome.devtools.json
"GET /.well-known/appspecific/com.chrome.devtools.json HTTP/1.1" 404 2877
"GET /static/css/bootstrap.min.css.map HTTP/1.1" 404 1834
"GET /language/ar/ HTTP/1.1" 302 0
"GET / HTTP/1.1" 200 43603
Not Found: /.well-known/appspecific/com.chrome.devtools.json
"GET /.well-known/appspecific/com.chrome.devtools.json HTTP/1.1" 404 2877
"GET /static/css/bootstrap.min.css.map HTTP/1.1" 404 1834
C:\D\Cooding\GENERAL\Accurra\main\context_processors.py changed, reloading.
Watching for file changes with StatReloader
Watching for file changes with StatReloader
"GET /language/ar/ HTTP/1.1" 302 0
"GET / HTTP/1.1" 200 43699
- Broken pipe from ('127.0.0.1', 52756)
C:\D\Cooding\GENERAL\Accurra\main\views.py changed, reloading.
Watching for file changes with StatReloader
C:\D\Cooding\GENERAL\Accurra\main\views.py changed, reloading.
Watching for file changes with StatReloader
C:\D\Cooding\GENERAL\Accurra\main\urls.py changed, reloading.
Watching for file changes with StatReloader
"GET /test-lang/ HTTP/1.1" 200 418
- Broken pipe from ('127.0.0.1', 52818)
"GET / HTTP/1.1" 200 43699
"GET /static/css/inter-font.css HTTP/1.1" 304 0
"GET /static/css/fontawesome-local.css HTTP/1.1" 304 0
Not Found: /.well-known/appspecific/com.chrome.devtools.json
"GET /.well-known/appspecific/com.chrome.devtools.json HTTP/1.1" 404 3052
"GET /static/favicon.svg HTTP/1.1" 304 0
"GET /static/css/bootstrap.min.css.map HTTP/1.1" 404 1834
C:\D\Cooding\GENERAL\Accurra\Accurra\settings.py changed, reloading.
Watching for file changes with StatReloader
"GET /language/ar/ HTTP/1.1" 302 0
"GET / HTTP/1.1" 200 43699
Not Found: /.well-known/appspecific/com.chrome.devtools.json
"GET /.well-known/appspecific/com.chrome.devtools.json HTTP/1.1" 404 3052
"GET /static/css/bootstrap.min.css.map HTTP/1.1" 404 1834
"GET / HTTP/1.1" 200 43699
Not Found: /.well-known/appspecific/com.chrome.devtools.json
"GET /.well-known/appspecific/com.chrome.devtools.json HTTP/1.1" 404 3052
"GET /static/css/bootstrap.min.css.map HTTP/1.1" 404 1834
"GET /language/ar/ HTTP/1.1" 302 0
"GET / HTTP/1.1" 200 43699
Not Found: /.well-known/appspecific/com.chrome.devtools.json
"GET /.well-known/appspecific/com.chrome.devtools.json HTTP/1.1" 404 3052
"GET /static/css/bootstrap.min.css.map HTTP/1.1" 404 1834
C:\D\Cooding\GENERAL\Accurra\main\views.py changed, reloading.
Watching for file changes with StatReloader
"GET /language/ar/ HTTP/1.1" 302 0
"GET / HTTP/1.1" 200 43699
"GET / HTTP/1.1" 200 43699
"GET /static/js/three.min.js HTTP/1.1" 304 0
"GET /static/css/bootstrap.min.css HTTP/1.1" 304 0
"GET /static/js/bootstrap.bundle.min.js HTTP/1.1" 304 0
"GET /static/css/fontawesome-local.css HTTP/1.1" 304 0
Not Found: /.well-known/appspecific/com.chrome.devtools.json
"GET /.well-known/appspecific/com.chrome.devtools.json HTTP/1.1" 404 3052
"GET /static/css/bootstrap.min.css.map HTTP/1.1" 404 1834
"GET /language/ar/ HTTP/1.1" 302 0
"GET / HTTP/1.1" 200 43699
- Broken pipe from ('127.0.0.1', 52900)
Not Found: /.well-known/appspecific/com.chrome.devtools.json
"GET /.well-known/appspecific/com.chrome.devtools.json HTTP/1.1" 404 3052
"GET /static/css/bootstrap.min.css.map HTTP/1.1" 404 1834
C:\D\Cooding\GENERAL\Accurra\Accurra\urls.py changed, reloading.
Watching for file changes with StatReloader
"GET /i18n/setlang/?language=ar&next=/ HTTP/1.1" 302 0
"GET / HTTP/1.1" 200 43719
- Broken pipe from ('127.0.0.1', 52955)
"GET / HTTP/1.1" 200 43719
"GET /static/css/inter-font.css HTTP/1.1" 304 0
Not Found: /.well-known/appspecific/com.chrome.devtools.json
"GET /.well-known/appspecific/com.chrome.devtools.json HTTP/1.1" 404 3157
"GET /static/css/bootstrap.min.css.map HTTP/1.1" 404 1834
"GET /i18n/setlang/?language=ar&next=/ HTTP/1.1" 302 0
"GET / HTTP/1.1" 200 43719
Not Found: /.well-known/appspecific/com.chrome.devtools.json
"GET /.well-known/appspecific/com.chrome.devtools.json HTTP/1.1" 404 3157
"GET /static/css/bootstrap.min.css.map HTTP/1.1" 404 1834
"GET /i18n/setlang/?language=ar&next=/ HTTP/1.1" 302 0
"GET / HTTP/1.1" 200 43719
Not Found: /.well-known/appspecific/com.chrome.devtools.json
"GET /.well-known/appspecific/com.chrome.devtools.json HTTP/1.1" 404 3157
"GET /static/css/bootstrap.min.css.map HTTP/1.1" 404 1834
Watching for file changes with StatReloader
C:\D\Cooding\GENERAL\Accurra\Accurra\settings.py changed, reloading.
Watching for file changes with StatReloader
C:\D\Cooding\GENERAL\Accurra\main\views.py changed, reloading.
Watching for file changes with StatReloader
"GET / HTTP/1.1" 200 43471
"GET /static/css/inter-font.css HTTP/1.1" 304 0
"GET /static/css/fontawesome-local.css HTTP/1.1" 304 0
Not Found: /.well-known/appspecific/com.chrome.devtools.json
"GET /.well-known/appspecific/com.chrome.devtools.json HTTP/1.1" 404 3157
"GET /static/css/bootstrap.min.css.map HTTP/1.1" 404 1834
"GET /static/favicon.svg HTTP/1.1" 304 0
"GET /i18n/setlang/?language=ar&next=/ HTTP/1.1" 302 0
"GET / HTTP/1.1" 200 43471
Not Found: /.well-known/appspecific/com.chrome.devtools.json
"GET /.well-known/appspecific/com.chrome.devtools.json HTTP/1.1" 404 3157
"GET /static/css/bootstrap.min.css.map HTTP/1.1" 404 1834
Watching for file changes with StatReloader
"GET / HTTP/1.1" 200 43471
"GET /static/css/fontawesome-local.css HTTP/1.1" 304 0
"GET /static/css/inter-font.css HTTP/1.1" 304 0
Not Found: /.well-known/appspecific/com.chrome.devtools.json
"GET /.well-known/appspecific/com.chrome.devtools.json HTTP/1.1" 404 3157
"GET /static/css/bootstrap.min.css.map HTTP/1.1" 404 1834
"GET /i18n/setlang/?language=ar&next=/ HTTP/1.1" 302 0
"GET / HTTP/1.1" 200 43471
Not Found: /.well-known/appspecific/com.chrome.devtools.json
"GET /.well-known/appspecific/com.chrome.devtools.json HTTP/1.1" 404 3157
"GET /static/css/bootstrap.min.css.map HTTP/1.1" 404 1834
C:\D\Cooding\GENERAL\Accurra\main\views.py changed, reloading.
C:\D\Cooding\GENERAL\Accurra\main\views.py changed, reloading.
Watching for file changes with StatReloader
Watching for file changes with StatReloader
C:\D\Cooding\GENERAL\Accurra\main\views.py changed, reloading.
C:\D\Cooding\GENERAL\Accurra\main\views.py changed, reloading.
Watching for file changes with StatReloader
Watching for file changes with StatReloader
"GET /language/ar/ HTTP/1.1" 302 0
"GET / HTTP/1.1" 200 43826
"GET / HTTP/1.1" 200 43826
"GET /static/css/bootstrap.min.css HTTP/1.1" 304 0
"GET /static/js/three.min.js HTTP/1.1" 304 0
"GET /static/js/bootstrap.bundle.min.js HTTP/1.1" 304 0
Not Found: /.well-known/appspecific/com.chrome.devtools.json
"GET /.well-known/appspecific/com.chrome.devtools.json HTTP/1.1" 404 3157
"GET /static/css/bootstrap.min.css.map HTTP/1.1" 404 1834
- Broken pipe from ('127.0.0.1', 53212)
C:\D\Cooding\GENERAL\Accurra\main\views.py changed, reloading.
C:\D\Cooding\GENERAL\Accurra\main\views.py changed, reloading.
Watching for file changes with StatReloader
Watching for file changes with StatReloader
C:\D\Cooding\GENERAL\Accurra\main\urls.py changed, reloading.
C:\D\Cooding\GENERAL\Accurra\main\urls.py changed, reloading.
Watching for file changes with StatReloader
Watching for file changes with StatReloader
"GET /static/css/fontawesome-local.css HTTP/1.1" 304 0
"GET /static/css/bootstrap.min.css.map HTTP/1.1" 404 1834
Not Found: /.well-known/appspecific/com.chrome.devtools.json
"GET /.well-known/appspecific/com.chrome.devtools.json HTTP/1.1" 404 2982
"GET /static/css/bootstrap.min.css.map HTTP/1.1" 404 1834
Not Found: /.well-known/appspecific/com.chrome.devtools.json
"GET /.well-known/appspecific/com.chrome.devtools.json HTTP/1.1" 404 2982
C:\D\Cooding\GENERAL\Accurra\main\views.py changed, reloading.
C:\D\Cooding\GENERAL\Accurra\main\urls.py changed, reloading.
Watching for file changes with StatReloader
Watching for file changes with StatReloader
Watching for file changes with StatReloader
"GET / HTTP/1.1" 200 43826
"GET /static/css/inter-font.css HTTP/1.1" 304 0
Not Found: /.well-known/appspecific/com.chrome.devtools.json
"GET /.well-known/appspecific/com.chrome.devtools.json HTTP/1.1" 404 2982
"GET /static/favicon.svg HTTP/1.1" 304 0
"GET /static/css/bootstrap.min.css.map HTTP/1.1" 404 1834
"GET / HTTP/1.1" 200 43693
"GET /static/js/three.min.js HTTP/1.1" 304 0
"GET /static/css/fontawesome-local.css HTTP/1.1" 304 0
"GET /static/css/inter-font.css HTTP/1.1" 304 0
Not Found: /.well-known/appspecific/com.chrome.devtools.json
"GET /.well-known/appspecific/com.chrome.devtools.json HTTP/1.1" 404 2982
"GET /static/css/bootstrap.min.css.map HTTP/1.1" 404 1834
"GET /static/favicon.svg HTTP/1.1" 304 0
"GET / HTTP/1.1" 200 43693
Not Found: /.well-known/appspecific/com.chrome.devtools.json
"GET /.well-known/appspecific/com.chrome.devtools.json HTTP/1.1" 404 2982
"GET /static/css/bootstrap.min.css.map HTTP/1.1" 404 1834
"GET / HTTP/1.1" 200 43693
"GET /static/css/bootstrap.min.css HTTP/1.1" 304 0
"GET /static/js/bootstrap.bundle.min.js HTTP/1.1" 304 0
Not Found: /.well-known/appspecific/com.chrome.devtools.json
"GET /.well-known/appspecific/com.chrome.devtools.json HTTP/1.1" 404 2982
"GET /static/css/bootstrap.min.css.map HTTP/1.1" 404 1834
"GET /i18n/setlang/?language=en&next=/ HTTP/1.1" 302 0
"GET / HTTP/1.1" 200 43693
Not Found: /.well-known/appspecific/com.chrome.devtools.json
"GET /.well-known/appspecific/com.chrome.devtools.json HTTP/1.1" 404 2982
"GET /static/css/bootstrap.min.css.map HTTP/1.1" 404 1834
C:\D\Cooding\GENERAL\Accurra\main\views.py changed, reloading.
Watching for file changes with StatReloader
C:\D\Cooding\GENERAL\Accurra\main\views.py changed, reloading.
Watching for file changes with StatReloader
Watching for file changes with StatReloader
"GET / HTTP/1.1" 200 45430
"GET /static/css/bootstrap.min.css HTTP/1.1" 304 0
"GET /static/css/fontawesome-local.css HTTP/1.1" 304 0
"GET /static/css/inter-font.css HTTP/1.1" 304 0
"GET /static/js/three.min.js HTTP/1.1" 304 0
"GET /static/js/bootstrap.bundle.min.js HTTP/1.1" 304 0
"GET /static/webfonts/fa-brands-400.woff2 HTTP/1.1" 304 0
"GET /static/webfonts/fa-solid-900.woff2 HTTP/1.1" 304 0
"GET /static/favicon.svg HTTP/1.1" 304 0
"GET /i18n/setlang/?language=en&next=/ HTTP/1.1" 302 0
"GET / HTTP/1.1" 200 45430
"GET / HTTP/1.1" 200 45430
"GET /i18n/setlang/?language=en&next=/ HTTP/1.1" 302 0
"GET / HTTP/1.1" 200 45430
"GET / HTTP/1.1" 200 45430
"GET /i18n/setlang/?language=en&next=/ HTTP/1.1" 302 0
"GET / HTTP/1.1" 200 45430
"GET / HTTP/1.1" 200 45430
"GET / HTTP/1.1" 200 45430
C:\D\Cooding\GENERAL\Accurra\main\views.py changed, reloading.
C:\D\Cooding\GENERAL\Accurra\main\views.py changed, reloading.
Watching for file changes with StatReloader
Watching for file changes with StatReloader
Watching for file changes with StatReloader
"GET / HTTP/1.1" 200 45430
"GET /i18n/setlang/?language=en&next=/ HTTP/1.1" 302 0
"GET / HTTP/1.1" 200 45430
"GET /i18n/setlang/?language=en&next=/ HTTP/1.1" 302 0
"GET / HTTP/1.1" 200 45430
C:\D\Cooding\GENERAL\Accurra\main\views.py changed, reloading.
C:\D\Cooding\GENERAL\Accurra\main\views.py changed, reloading.
Watching for file changes with StatReloader
Watching for file changes with StatReloader
"GET / HTTP/1.1" 200 45410
"GET /language/en/ HTTP/1.1" 302 0
C:\D\Cooding\GENERAL\Accurra\main\views.py changed, reloading.
"GET / HTTP/1.1" 200 43397
C:\D\Cooding\GENERAL\Accurra\main\views.py changed, reloading.
Watching for file changes with StatReloader
Watching for file changes with StatReloader
"GET / HTTP/1.1" 200 43397
"GET /language/ar/ HTTP/1.1" 302 0
"GET / HTTP/1.1" 200 45410
- Broken pipe from ('127.0.0.1', 53826)
"GET / HTTP/1.1" 200 43397
"GET /static/css/fontawesome-local.css HTTP/1.1" 304 0
"GET /language/ar/ HTTP/1.1" 302 0
"GET / HTTP/1.1" 200 45410
"GET /static/css/inter-font.css HTTP/1.1" 304 0
"GET /language/en/ HTTP/1.1" 302 0
"GET / HTTP/1.1" 200 43397
"GET / HTTP/1.1" 200 45410
- Broken pipe from ('127.0.0.1', 53836)
C:\D\Cooding\GENERAL\Accurra\main\views.py changed, reloading.
C:\D\Cooding\GENERAL\Accurra\main\views.py changed, reloading.
Watching for file changes with StatReloader
Watching for file changes with StatReloader
C:\D\Cooding\GENERAL\Accurra\main\views.py changed, reloading.
C:\D\Cooding\GENERAL\Accurra\main\views.py changed, reloading.
Watching for file changes with StatReloader
Watching for file changes with StatReloader
"GET /language/en/ HTTP/1.1" 302 0
"GET / HTTP/1.1" 200 43397
C:\D\Cooding\GENERAL\Accurra\main\views.py changed, reloading.
C:\D\Cooding\GENERAL\Accurra\main\views.py changed, reloading.
Watching for file changes with StatReloader
Watching for file changes with StatReloader
"GET /language/ar/ HTTP/1.1" 302 0
"GET / HTTP/1.1" 200 45410
C:\D\Cooding\GENERAL\Accurra\main\views.py changed, reloading.
C:\D\Cooding\GENERAL\Accurra\main\views.py changed, reloading.
Watching for file changes with StatReloader
Watching for file changes with StatReloader
"GET / HTTP/1.1" 200 45410
"GET /static/css/inter-font.css HTTP/1.1" 304 0
"GET /static/css/fontawesome-local.css HTTP/1.1" 304 0
"GET /static/css/bootstrap.min.css HTTP/1.1" 304 0
"GET /static/js/three.min.js HTTP/1.1" 304 0
"GET /static/js/bootstrap.bundle.min.js HTTP/1.1" 304 0
"GET /static/webfonts/fa-brands-400.woff2 HTTP/1.1" 304 0
"GET /static/webfonts/fa-solid-900.woff2 HTTP/1.1" 304 0
"GET /static/favicon.svg HTTP/1.1" 304 0
"GET / HTTP/1.1" 200 45371
"GET /static/css/fontawesome-local.css HTTP/1.1" 304 0
"GET / HTTP/1.1" 200 45399
"GET /static/css/bootstrap.min.css HTTP/1.1" 304 0
"GET /static/css/inter-font.css HTTP/1.1" 304 0
"GET /static/css/fontawesome-local.css HTTP/1.1" 304 0
"GET /static/js/three.min.js HTTP/1.1" 304 0
"GET /static/js/bootstrap.bundle.min.js HTTP/1.1" 304 0
"GET /static/favicon.svg HTTP/1.1" 304 0
